*** Using Compiler 'V5.06 update 7 (build 960)', folder: 'F:\Tools\Keil_v5\ARM\ARMCC\Bin'
Rebuild target 'DAP_F750'
assembling startup_stm32f750xx.s...
compiling cJSON.c...
..\Core\Src\cJSON.c(55): warning:  #1293-D: assignment in condition
        if (!(copy = (char*)cJSON_malloc(len))) return 0;
..\Core\Src\cJSON.c(278): warning:  #1293-D: assignment in condition
  	ptr=str;while ((token=*ptr) && ++len) {if (strchr("\"\\\b\f\n\r\t",token)) len++; else if (token<32) len+=5;ptr++;}
..\Core\Src\cJSON.c(352): warning:  #111-D: statement is unreachable
  	return p.buffer;
..\Core\Src\cJSON.c(423): warning:  #1293-D: assignment in condition
  		if (!(new_item=cJSON_New_Item())) return 0; 	/* memory fail */
..\Core\Src\cJSON.c(535): warning:  #1293-D: assignment in condition
  		if (!(new_item=cJSON_New_Item()))	return 0; /* memory fail */
..\Core\Src\cJSON.c: 5 warnings, 0 errors
compiling stm32f7xx_hal_msp.c...
compiling stm32f7xx_hal_cortex.c...
compiling main.c...
compiling stm32f7xx_it.c...
compiling oled.c...
compiling usart.c...
compiling dma.c...
compiling stm32f7xx_hal_tim_ex.c...
compiling tim.c...
compiling gpio.c...
compiling stm32f7xx_hal_tim.c...
compiling stm32f7xx_hal_gpio.c...
compiling stm32f7xx_hal_pwr.c...
compiling stm32f7xx_hal_flash.c...
compiling stm32f7xx_hal_rcc_ex.c...
compiling stm32f7xx_hal_flash_ex.c...
compiling stm32f7xx_hal_dma_ex.c...
compiling stm32f7xx_hal_pwr_ex.c...
compiling stm32f7xx_hal.c...
compiling stm32f7xx_hal_rcc.c...
compiling stm32f7xx_hal_dma.c...
compiling stm32f7xx_hal_i2c.c...
compiling stm32f7xx_hal_exti.c...
compiling system_stm32f7xx.c...
compiling stm32f7xx_hal_i2c_ex.c...
compiling stm32f7xx_hal_uart_ex.c...
compiling stm32f7xx_hal_uart.c...
linking...
Program Size: Code=24632 RO-data=8640 RW-data=1364 ZI-data=41812  
FromELF: creating hex file...
"DAP_F750\DAP_F750.axf" - 0 Error(s), 5 Warning(s).
Build Time Elapsed:  00:00:36
